十一月 22, 2018 10:04:20 上午 org.apache.catalina.core.StandardServer await
警告: StandardServer.await: Invalid command '' received
十一月 22, 2018 10:09:36 上午 org.apache.catalina.core.StandardServer await
警告: StandardServer.await: Invalid command '' received
十一月 22, 2018 10:12:56 上午 org.apache.catalina.startup.VersionLoggerListener log
信息: Server version:        Apache Tomcat/7.0.88
十一月 22, 2018 10:12:56 上午 org.apache.catalina.startup.VersionLoggerListener log
信息: Server built:          May 7 2018 11:12:57 UTC
十一月 22, 2018 10:12:56 上午 org.apache.catalina.startup.VersionLoggerListener log
信息: Server number:         7.0.88.0
十一月 22, 2018 10:12:56 上午 org.apache.catalina.startup.VersionLoggerListener log
信息: OS Name:               Windows 8.1
十一月 22, 2018 10:12:56 上午 org.apache.catalina.startup.VersionLoggerListener log
信息: OS Version:            6.3
十一月 22, 2018 10:12:56 上午 org.apache.catalina.startup.VersionLoggerListener log
信息: Architecture:          amd64
十一月 22, 2018 10:12:56 上午 org.apache.catalina.startup.VersionLoggerListener log
信息: Java Home:             C:\Program Files\Java\jdk1.7.0_80\jre
十一月 22, 2018 10:12:56 上午 org.apache.catalina.startup.VersionLoggerListener log
信息: JVM Version:           1.7.0_80-b15
十一月 22, 2018 10:12:56 上午 org.apache.catalina.startup.VersionLoggerListener log
信息: JVM Vendor:            Oracle Corporation
十一月 22, 2018 10:12:56 上午 org.apache.catalina.startup.VersionLoggerListener log
信息: CATALINA_BASE:         D:\apache-tomcat-7
十一月 22, 2018 10:12:56 上午 org.apache.catalina.startup.VersionLoggerListener log
信息: CATALINA_HOME:         D:\apache-tomcat-7
十一月 22, 2018 10:12:56 上午 org.apache.catalina.startup.VersionLoggerListener log
信息: Command line argument: -Djava.util.logging.config.file=D:\apache-tomcat-7\conf\logging.properties
十一月 22, 2018 10:12:56 上午 org.apache.catalina.startup.VersionLoggerListener log
信息: Command line argument: -Djava.util.logging.manager=org.apache.juli.ClassLoaderLogManager
十一月 22, 2018 10:12:56 上午 org.apache.catalina.startup.VersionLoggerListener log
信息: Command line argument: -Djdk.tls.ephemeralDHKeySize=2048
十一月 22, 2018 10:12:56 上午 org.apache.catalina.startup.VersionLoggerListener log
信息: Command line argument: -Dignore.endorsed.dirs=
十一月 22, 2018 10:12:56 上午 org.apache.catalina.startup.VersionLoggerListener log
信息: Command line argument: -Dcatalina.base=D:\apache-tomcat-7
十一月 22, 2018 10:12:56 上午 org.apache.catalina.startup.VersionLoggerListener log
信息: Command line argument: -Dcatalina.home=D:\apache-tomcat-7
十一月 22, 2018 10:12:56 上午 org.apache.catalina.startup.VersionLoggerListener log
信息: Command line argument: -Djava.io.tmpdir=D:\apache-tomcat-7\temp
十一月 22, 2018 10:12:56 上午 org.apache.catalina.core.AprLifecycleListener lifecycleEvent
信息: The APR based Apache Tomcat Native library which allows optimal performance in production environments was not found on the java.library.path: C:\Program Files\Java\jdk1.7.0_80\bin;C:\WINDOWS\Sun\Java\bin;C:\WINDOWS\system32;C:\WINDOWS;C:\Program Files\Java\jdk1.7.0_80\bin;C:\Program Files (x86)\Common Files\Oracle\Java\javapath;D:\apache-maven-3.5.4\bin;D:\mysql\mysql-8.0.11-winx64\bin;C:\Program Files (x86)\Intel\iCLS Client\;C:\Program Files\Intel\iCLS Client\;C:\WINDOWS\system32;C:\WINDOWS;C:\WINDOWS\System32\Wbem;C:\WINDOWS\System32\WindowsPowerShell\v1.0\;C:\Program Files (x86)\Intel\Intel(R) Management Engine Components\DAL;C:\Program Files\Intel\Intel(R) Management Engine Components\DAL;C:\Program Files (x86)\Intel\Intel(R) Management Engine Components\IPT;C:\Program Files\Intel\Intel(R) Management Engine Components\IPT;C:\Program Files (x86)\ATI Technologies\ATI.ACE\Core-Static;C:\Program Files\Intel\WiFi\bin\;C:\Program Files\Common Files\Intel\WirelessCommon\;C:\Program Files\Git\cmd;D:\curl\src;C:\WINDOWS\System32\OpenSSH\;C:\Users\ppf\AppData\Local\Microsoft\WindowsApps;;.
十一月 22, 2018 10:12:56 上午 org.apache.coyote.AbstractProtocol init
信息: Initializing ProtocolHandler ["http-bio-8888"]
十一月 22, 2018 10:12:56 上午 org.apache.coyote.AbstractProtocol init
信息: Initializing ProtocolHandler ["ajp-bio-8099"]
十一月 22, 2018 10:12:56 上午 org.apache.catalina.startup.Catalina load
信息: Initialization processed in 752 ms
十一月 22, 2018 10:12:56 上午 org.apache.catalina.core.StandardService startInternal
信息: Starting service Catalina
十一月 22, 2018 10:12:56 上午 org.apache.catalina.core.StandardEngine startInternal
信息: Starting Servlet Engine: Apache Tomcat/7.0.88
十一月 22, 2018 10:12:56 上午 org.apache.catalina.startup.HostConfig deployWAR
信息: Deploying web application archive D:\apache-tomcat-7\webapps\dubbo-admin-2.6.0.war
十一月 22, 2018 10:13:08 上午 org.apache.catalina.startup.TldConfig execute
信息: At least one JAR was scanned for TLDs yet contained no TLDs. Enable debug logging for this logger for a complete list of JARs that were scanned but no TLDs were found in them. Skipping unneeded JARs during scanning can improve startup time and JSP compilation time.
十一月 22, 2018 10:13:27 上午 org.apache.catalina.startup.HostConfig deployWAR
信息: Deployment of web application archive D:\apache-tomcat-7\webapps\dubbo-admin-2.6.0.war has finished in 30,421 ms
十一月 22, 2018 10:13:27 上午 org.apache.catalina.startup.HostConfig deployDirectory
信息: Deploying web application directory D:\apache-tomcat-7\webapps\docs
十一月 22, 2018 10:13:27 上午 org.apache.catalina.startup.HostConfig deployDirectory
信息: Deployment of web application directory D:\apache-tomcat-7\webapps\docs has finished in 82 ms
十一月 22, 2018 10:13:27 上午 org.apache.catalina.startup.HostConfig deployDirectory
信息: Deploying web application directory D:\apache-tomcat-7\webapps\examples
十一月 22, 2018 10:13:30 上午 org.apache.catalina.startup.HostConfig deployDirectory
信息: Deployment of web application directory D:\apache-tomcat-7\webapps\examples has finished in 2,913 ms
十一月 22, 2018 10:13:30 上午 org.apache.catalina.startup.HostConfig deployDirectory
信息: Deploying web application directory D:\apache-tomcat-7\webapps\host-manager
十一月 22, 2018 10:13:30 上午 org.apache.catalina.startup.HostConfig deployDirectory
信息: Deployment of web application directory D:\apache-tomcat-7\webapps\host-manager has finished in 155 ms
十一月 22, 2018 10:13:30 上午 org.apache.catalina.startup.HostConfig deployDirectory
信息: Deploying web application directory D:\apache-tomcat-7\webapps\manager
十一月 22, 2018 10:13:30 上午 org.apache.catalina.startup.HostConfig deployDirectory
信息: Deployment of web application directory D:\apache-tomcat-7\webapps\manager has finished in 47 ms
十一月 22, 2018 10:13:30 上午 org.apache.catalina.startup.HostConfig deployDirectory
信息: Deploying web application directory D:\apache-tomcat-7\webapps\ROOT
十一月 22, 2018 10:13:30 上午 org.apache.catalina.startup.HostConfig deployDirectory
信息: Deployment of web application directory D:\apache-tomcat-7\webapps\ROOT has finished in 52 ms
十一月 22, 2018 10:13:30 上午 org.apache.coyote.AbstractProtocol start
信息: Starting ProtocolHandler ["http-bio-8888"]
十一月 22, 2018 10:13:30 上午 org.apache.coyote.AbstractProtocol start
信息: Starting ProtocolHandler ["ajp-bio-8099"]
十一月 22, 2018 10:13:30 上午 org.apache.catalina.startup.Catalina start
信息: Server startup in 33786 ms
十一月 22, 2018 10:26:37 上午 org.apache.catalina.core.StandardServer await
警告: StandardServer.await: Invalid command '' received
十一月 22, 2018 11:18:53 上午 org.apache.catalina.core.StandardServer await
警告: StandardServer.await: Invalid command '' received
十一月 22, 2018 11:30:00 上午 org.apache.catalina.core.StandardServer await
警告: StandardServer.await: Invalid command '' received
十一月 22, 2018 11:36:01 上午 org.apache.catalina.core.StandardServer await
警告: StandardServer.await: Invalid command '' received
十一月 22, 2018 11:44:27 上午 org.apache.catalina.core.StandardServer await
警告: StandardServer.await: Invalid command '' received
十一月 22, 2018 11:53:09 上午 org.apache.catalina.core.StandardServer await
警告: StandardServer.await: Invalid command '' received
十一月 22, 2018 11:54:27 上午 org.apache.catalina.core.StandardServer await
警告: StandardServer.await: Invalid command '' received
十一月 22, 2018 11:58:58 上午 org.apache.catalina.core.StandardServer await
警告: StandardServer.await: Invalid command '' received
十一月 22, 2018 12:00:05 下午 org.apache.catalina.core.StandardServer await
警告: StandardServer.await: Invalid command '' received
十一月 22, 2018 12:01:35 下午 org.apache.catalina.core.StandardServer await
警告: StandardServer.await: Invalid command '' received
十一月 22, 2018 1:43:05 下午 org.apache.catalina.core.StandardServer await
警告: StandardServer.await: Invalid command '' received
十一月 22, 2018 1:44:38 下午 org.apache.catalina.core.StandardServer await
警告: StandardServer.await: Invalid command '' received
十一月 22, 2018 1:45:53 下午 org.apache.catalina.core.StandardServer await
警告: StandardServer.await: Invalid command '' received
十一月 22, 2018 1:54:05 下午 org.apache.catalina.core.StandardServer await
警告: StandardServer.await: Invalid command '' received
十一月 22, 2018 2:04:16 下午 org.apache.catalina.core.StandardServer await
警告: StandardServer.await: Invalid command '' received
十一月 22, 2018 2:24:19 下午 org.apache.catalina.core.StandardServer await
警告: StandardServer.await: Invalid command '' received
十一月 22, 2018 2:46:03 下午 org.apache.catalina.core.StandardServer await
警告: StandardServer.await: Invalid command '' received
十一月 22, 2018 3:37:25 下午 org.apache.catalina.core.StandardServer await
警告: StandardServer.await: Invalid command '' received
十一月 22, 2018 5:24:24 下午 org.apache.catalina.core.StandardServer await
警告: StandardServer.await: Invalid command '' received
