十一月 19, 2018 9:41:50 上午 org.apache.catalina.startup.VersionLoggerListener log
信息: Server version:        Apache Tomcat/7.0.88
十一月 19, 2018 9:41:50 上午 org.apache.catalina.startup.VersionLoggerListener log
信息: Server built:          May 7 2018 11:12:57 UTC
十一月 19, 2018 9:41:50 上午 org.apache.catalina.startup.VersionLoggerListener log
信息: Server number:         7.0.88.0
十一月 19, 2018 9:41:50 上午 org.apache.catalina.startup.VersionLoggerListener log
信息: OS Name:               Windows 8.1
十一月 19, 2018 9:41:50 上午 org.apache.catalina.startup.VersionLoggerListener log
信息: OS Version:            6.3
十一月 19, 2018 9:41:50 上午 org.apache.catalina.startup.VersionLoggerListener log
信息: Architecture:          amd64
十一月 19, 2018 9:41:50 上午 org.apache.catalina.startup.VersionLoggerListener log
信息: Java Home:             C:\Program Files\Java\jdk1.7.0_80\jre
十一月 19, 2018 9:41:50 上午 org.apache.catalina.startup.VersionLoggerListener log
信息: JVM Version:           1.7.0_80-b15
十一月 19, 2018 9:41:50 上午 org.apache.catalina.startup.VersionLoggerListener log
信息: JVM Vendor:            Oracle Corporation
十一月 19, 2018 9:41:50 上午 org.apache.catalina.startup.VersionLoggerListener log
信息: CATALINA_BASE:         D:\apache-tomcat-7
十一月 19, 2018 9:41:50 上午 org.apache.catalina.startup.VersionLoggerListener log
信息: CATALINA_HOME:         D:\apache-tomcat-7
十一月 19, 2018 9:41:50 上午 org.apache.catalina.startup.VersionLoggerListener log
信息: Command line argument: -Djava.util.logging.config.file=D:\apache-tomcat-7\conf\logging.properties
十一月 19, 2018 9:41:50 上午 org.apache.catalina.startup.VersionLoggerListener log
信息: Command line argument: -Djava.util.logging.manager=org.apache.juli.ClassLoaderLogManager
十一月 19, 2018 9:41:50 上午 org.apache.catalina.startup.VersionLoggerListener log
信息: Command line argument: -Djdk.tls.ephemeralDHKeySize=2048
十一月 19, 2018 9:41:50 上午 org.apache.catalina.startup.VersionLoggerListener log
信息: Command line argument: -Dignore.endorsed.dirs=
十一月 19, 2018 9:41:50 上午 org.apache.catalina.startup.VersionLoggerListener log
信息: Command line argument: -Dcatalina.base=D:\apache-tomcat-7
十一月 19, 2018 9:41:50 上午 org.apache.catalina.startup.VersionLoggerListener log
信息: Command line argument: -Dcatalina.home=D:\apache-tomcat-7
十一月 19, 2018 9:41:50 上午 org.apache.catalina.startup.VersionLoggerListener log
信息: Command line argument: -Djava.io.tmpdir=D:\apache-tomcat-7\temp
十一月 19, 2018 9:41:50 上午 org.apache.catalina.core.AprLifecycleListener lifecycleEvent
信息: The APR based Apache Tomcat Native library which allows optimal performance in production environments was not found on the java.library.path: C:\Program Files\Java\jdk1.7.0_80\bin;C:\WINDOWS\Sun\Java\bin;C:\WINDOWS\system32;C:\WINDOWS;C:\Program Files\Java\jdk1.7.0_80\bin;C:\Program Files (x86)\Common Files\Oracle\Java\javapath;D:\apache-maven-3.5.4\bin;D:\mysql\mysql-8.0.11-winx64\bin;C:\Program Files (x86)\Intel\iCLS Client\;C:\Program Files\Intel\iCLS Client\;C:\WINDOWS\system32;C:\WINDOWS;C:\WINDOWS\System32\Wbem;C:\WINDOWS\System32\WindowsPowerShell\v1.0\;C:\Program Files (x86)\Intel\Intel(R) Management Engine Components\DAL;C:\Program Files\Intel\Intel(R) Management Engine Components\DAL;C:\Program Files (x86)\Intel\Intel(R) Management Engine Components\IPT;C:\Program Files\Intel\Intel(R) Management Engine Components\IPT;C:\Program Files (x86)\ATI Technologies\ATI.ACE\Core-Static;C:\Program Files\Intel\WiFi\bin\;C:\Program Files\Common Files\Intel\WirelessCommon\;C:\Program Files\Git\cmd;D:\curl\src;C:\WINDOWS\System32\OpenSSH\;C:\Users\ppf\AppData\Local\Microsoft\WindowsApps;;.
十一月 19, 2018 9:41:51 上午 org.apache.coyote.AbstractProtocol init
信息: Initializing ProtocolHandler ["http-bio-8888"]
十一月 19, 2018 9:41:51 上午 org.apache.coyote.AbstractProtocol init
信息: Initializing ProtocolHandler ["ajp-bio-8099"]
十一月 19, 2018 9:41:51 上午 org.apache.coyote.AbstractProtocol init
严重: Failed to initialize end point associated with ProtocolHandler ["ajp-bio-8099"]
java.net.BindException: Address already in use: JVM_Bind <null>:8099
	at org.apache.tomcat.util.net.JIoEndpoint.bind(JIoEndpoint.java:413)
	at org.apache.tomcat.util.net.AbstractEndpoint.init(AbstractEndpoint.java:728)
	at org.apache.coyote.AbstractProtocol.init(AbstractProtocol.java:452)
	at org.apache.catalina.connector.Connector.initInternal(Connector.java:978)
	at org.apache.catalina.util.LifecycleBase.init(LifecycleBase.java:102)
	at org.apache.catalina.core.StandardService.initInternal(StandardService.java:560)
	at org.apache.catalina.util.LifecycleBase.init(LifecycleBase.java:102)
	at org.apache.catalina.core.StandardServer.initInternal(StandardServer.java:840)
	at org.apache.catalina.util.LifecycleBase.init(LifecycleBase.java:102)
	at org.apache.catalina.startup.Catalina.load(Catalina.java:654)
	at org.apache.catalina.startup.Catalina.load(Catalina.java:679)
	at sun.reflect.NativeMethodAccessorImpl.invoke0(Native Method)
	at sun.reflect.NativeMethodAccessorImpl.invoke(NativeMethodAccessorImpl.java:57)
	at sun.reflect.DelegatingMethodAccessorImpl.invoke(DelegatingMethodAccessorImpl.java:43)
	at java.lang.reflect.Method.invoke(Method.java:606)
	at org.apache.catalina.startup.Bootstrap.load(Bootstrap.java:253)
	at org.apache.catalina.startup.Bootstrap.main(Bootstrap.java:427)
Caused by: java.net.BindException: Address already in use: JVM_Bind
	at java.net.DualStackPlainSocketImpl.bind0(Native Method)
	at java.net.DualStackPlainSocketImpl.socketBind(DualStackPlainSocketImpl.java:106)
	at java.net.AbstractPlainSocketImpl.bind(AbstractPlainSocketImpl.java:376)
	at java.net.PlainSocketImpl.bind(PlainSocketImpl.java:190)
	at java.net.ServerSocket.bind(ServerSocket.java:376)
	at java.net.ServerSocket.<init>(ServerSocket.java:237)
	at java.net.ServerSocket.<init>(ServerSocket.java:181)
	at org.apache.tomcat.util.net.DefaultServerSocketFactory.createSocket(DefaultServerSocketFactory.java:49)
	at org.apache.tomcat.util.net.JIoEndpoint.bind(JIoEndpoint.java:400)
	... 16 more

十一月 19, 2018 9:41:51 上午 org.apache.catalina.core.StandardService initInternal
严重: Failed to initialize connector [Connector[AJP/1.3-8099]]
org.apache.catalina.LifecycleException: Failed to initialize component [Connector[AJP/1.3-8099]]
	at org.apache.catalina.util.LifecycleBase.init(LifecycleBase.java:107)
	at org.apache.catalina.core.StandardService.initInternal(StandardService.java:560)
	at org.apache.catalina.util.LifecycleBase.init(LifecycleBase.java:102)
	at org.apache.catalina.core.StandardServer.initInternal(StandardServer.java:840)
	at org.apache.catalina.util.LifecycleBase.init(LifecycleBase.java:102)
	at org.apache.catalina.startup.Catalina.load(Catalina.java:654)
	at org.apache.catalina.startup.Catalina.load(Catalina.java:679)
	at sun.reflect.NativeMethodAccessorImpl.invoke0(Native Method)
	at sun.reflect.NativeMethodAccessorImpl.invoke(NativeMethodAccessorImpl.java:57)
	at sun.reflect.DelegatingMethodAccessorImpl.invoke(DelegatingMethodAccessorImpl.java:43)
	at java.lang.reflect.Method.invoke(Method.java:606)
	at org.apache.catalina.startup.Bootstrap.load(Bootstrap.java:253)
	at org.apache.catalina.startup.Bootstrap.main(Bootstrap.java:427)
Caused by: org.apache.catalina.LifecycleException: Protocol handler initialization failed
	at org.apache.catalina.connector.Connector.initInternal(Connector.java:980)
	at org.apache.catalina.util.LifecycleBase.init(LifecycleBase.java:102)
	... 12 more
Caused by: java.net.BindException: Address already in use: JVM_Bind <null>:8099
	at org.apache.tomcat.util.net.JIoEndpoint.bind(JIoEndpoint.java:413)
	at org.apache.tomcat.util.net.AbstractEndpoint.init(AbstractEndpoint.java:728)
	at org.apache.coyote.AbstractProtocol.init(AbstractProtocol.java:452)
	at org.apache.catalina.connector.Connector.initInternal(Connector.java:978)
	... 13 more
Caused by: java.net.BindException: Address already in use: JVM_Bind
	at java.net.DualStackPlainSocketImpl.bind0(Native Method)
	at java.net.DualStackPlainSocketImpl.socketBind(DualStackPlainSocketImpl.java:106)
	at java.net.AbstractPlainSocketImpl.bind(AbstractPlainSocketImpl.java:376)
	at java.net.PlainSocketImpl.bind(PlainSocketImpl.java:190)
	at java.net.ServerSocket.bind(ServerSocket.java:376)
	at java.net.ServerSocket.<init>(ServerSocket.java:237)
	at java.net.ServerSocket.<init>(ServerSocket.java:181)
	at org.apache.tomcat.util.net.DefaultServerSocketFactory.createSocket(DefaultServerSocketFactory.java:49)
	at org.apache.tomcat.util.net.JIoEndpoint.bind(JIoEndpoint.java:400)
	... 16 more

十一月 19, 2018 9:41:51 上午 org.apache.catalina.startup.Catalina load
信息: Initialization processed in 693 ms
十一月 19, 2018 9:41:51 上午 org.apache.catalina.core.StandardService startInternal
信息: Starting service Catalina
十一月 19, 2018 9:41:51 上午 org.apache.catalina.core.StandardEngine startInternal
信息: Starting Servlet Engine: Apache Tomcat/7.0.88
十一月 19, 2018 9:41:51 上午 org.apache.catalina.startup.HostConfig deployWAR
信息: Deploying web application archive D:\apache-tomcat-7\webapps\dubbo-admin-2.6.0.war
十一月 19, 2018 9:42:04 上午 org.apache.catalina.startup.TldConfig execute
信息: At least one JAR was scanned for TLDs yet contained no TLDs. Enable debug logging for this logger for a complete list of JARs that were scanned but no TLDs were found in them. Skipping unneeded JARs during scanning can improve startup time and JSP compilation time.
十一月 19, 2018 9:42:21 上午 org.apache.catalina.startup.VersionLoggerListener log
信息: Server version:        Apache Tomcat/7.0.88
十一月 19, 2018 9:42:21 上午 org.apache.catalina.startup.VersionLoggerListener log
信息: Server built:          May 7 2018 11:12:57 UTC
十一月 19, 2018 9:42:21 上午 org.apache.catalina.startup.VersionLoggerListener log
信息: Server number:         7.0.88.0
十一月 19, 2018 9:42:21 上午 org.apache.catalina.startup.VersionLoggerListener log
信息: OS Name:               Windows 8.1
十一月 19, 2018 9:42:21 上午 org.apache.catalina.startup.VersionLoggerListener log
信息: OS Version:            6.3
十一月 19, 2018 9:42:21 上午 org.apache.catalina.startup.VersionLoggerListener log
信息: Architecture:          amd64
十一月 19, 2018 9:42:21 上午 org.apache.catalina.startup.VersionLoggerListener log
信息: Java Home:             C:\Program Files\Java\jdk1.7.0_80\jre
十一月 19, 2018 9:42:21 上午 org.apache.catalina.startup.VersionLoggerListener log
信息: JVM Version:           1.7.0_80-b15
十一月 19, 2018 9:42:21 上午 org.apache.catalina.startup.VersionLoggerListener log
信息: JVM Vendor:            Oracle Corporation
十一月 19, 2018 9:42:21 上午 org.apache.catalina.startup.VersionLoggerListener log
信息: CATALINA_BASE:         D:\apache-tomcat-7
十一月 19, 2018 9:42:21 上午 org.apache.catalina.startup.VersionLoggerListener log
信息: CATALINA_HOME:         D:\apache-tomcat-7
十一月 19, 2018 9:42:21 上午 org.apache.catalina.startup.VersionLoggerListener log
信息: Command line argument: -Djava.util.logging.config.file=D:\apache-tomcat-7\conf\logging.properties
十一月 19, 2018 9:42:21 上午 org.apache.catalina.startup.VersionLoggerListener log
信息: Command line argument: -Djava.util.logging.manager=org.apache.juli.ClassLoaderLogManager
十一月 19, 2018 9:42:21 上午 org.apache.catalina.startup.VersionLoggerListener log
信息: Command line argument: -Djdk.tls.ephemeralDHKeySize=2048
十一月 19, 2018 9:42:21 上午 org.apache.catalina.startup.VersionLoggerListener log
信息: Command line argument: -Dignore.endorsed.dirs=
十一月 19, 2018 9:42:21 上午 org.apache.catalina.startup.VersionLoggerListener log
信息: Command line argument: -Dcatalina.base=D:\apache-tomcat-7
十一月 19, 2018 9:42:21 上午 org.apache.catalina.startup.VersionLoggerListener log
信息: Command line argument: -Dcatalina.home=D:\apache-tomcat-7
十一月 19, 2018 9:42:21 上午 org.apache.catalina.startup.VersionLoggerListener log
信息: Command line argument: -Djava.io.tmpdir=D:\apache-tomcat-7\temp
十一月 19, 2018 9:42:21 上午 org.apache.catalina.core.AprLifecycleListener lifecycleEvent
信息: The APR based Apache Tomcat Native library which allows optimal performance in production environments was not found on the java.library.path: C:\Program Files\Java\jdk1.7.0_80\bin;C:\WINDOWS\Sun\Java\bin;C:\WINDOWS\system32;C:\WINDOWS;C:\Program Files\Java\jdk1.7.0_80\bin;C:\Program Files (x86)\Common Files\Oracle\Java\javapath;D:\apache-maven-3.5.4\bin;D:\mysql\mysql-8.0.11-winx64\bin;C:\Program Files (x86)\Intel\iCLS Client\;C:\Program Files\Intel\iCLS Client\;C:\WINDOWS\system32;C:\WINDOWS;C:\WINDOWS\System32\Wbem;C:\WINDOWS\System32\WindowsPowerShell\v1.0\;C:\Program Files (x86)\Intel\Intel(R) Management Engine Components\DAL;C:\Program Files\Intel\Intel(R) Management Engine Components\DAL;C:\Program Files (x86)\Intel\Intel(R) Management Engine Components\IPT;C:\Program Files\Intel\Intel(R) Management Engine Components\IPT;C:\Program Files (x86)\ATI Technologies\ATI.ACE\Core-Static;C:\Program Files\Intel\WiFi\bin\;C:\Program Files\Common Files\Intel\WirelessCommon\;C:\Program Files\Git\cmd;D:\curl\src;C:\WINDOWS\System32\OpenSSH\;C:\Users\ppf\AppData\Local\Microsoft\WindowsApps;;.
十一月 19, 2018 9:42:21 上午 org.apache.coyote.AbstractProtocol init
信息: Initializing ProtocolHandler ["http-bio-8888"]
十一月 19, 2018 9:42:21 上午 org.apache.coyote.AbstractProtocol init
信息: Initializing ProtocolHandler ["ajp-bio-8099"]
十一月 19, 2018 9:42:21 上午 org.apache.catalina.startup.Catalina load
信息: Initialization processed in 710 ms
十一月 19, 2018 9:42:21 上午 org.apache.catalina.core.StandardService startInternal
信息: Starting service Catalina
十一月 19, 2018 9:42:21 上午 org.apache.catalina.core.StandardEngine startInternal
信息: Starting Servlet Engine: Apache Tomcat/7.0.88
十一月 19, 2018 9:42:22 上午 org.apache.catalina.startup.HostConfig deployWAR
信息: Deploying web application archive D:\apache-tomcat-7\webapps\dubbo-admin-2.6.0.war
十一月 19, 2018 9:42:25 上午 org.apache.catalina.startup.TldConfig execute
信息: At least one JAR was scanned for TLDs yet contained no TLDs. Enable debug logging for this logger for a complete list of JARs that were scanned but no TLDs were found in them. Skipping unneeded JARs during scanning can improve startup time and JSP compilation time.
十一月 19, 2018 9:42:42 上午 org.apache.catalina.startup.HostConfig deployWAR
信息: Deployment of web application archive D:\apache-tomcat-7\webapps\dubbo-admin-2.6.0.war has finished in 20,230 ms
十一月 19, 2018 9:42:42 上午 org.apache.catalina.startup.HostConfig deployDirectory
信息: Deploying web application directory D:\apache-tomcat-7\webapps\docs
十一月 19, 2018 9:42:42 上午 org.apache.catalina.startup.HostConfig deployDirectory
信息: Deployment of web application directory D:\apache-tomcat-7\webapps\docs has finished in 145 ms
十一月 19, 2018 9:42:42 上午 org.apache.catalina.startup.HostConfig deployDirectory
信息: Deploying web application directory D:\apache-tomcat-7\webapps\examples
十一月 19, 2018 9:42:44 上午 org.apache.catalina.startup.HostConfig deployDirectory
信息: Deployment of web application directory D:\apache-tomcat-7\webapps\examples has finished in 2,287 ms
十一月 19, 2018 9:42:44 上午 org.apache.catalina.startup.HostConfig deployDirectory
信息: Deploying web application directory D:\apache-tomcat-7\webapps\host-manager
十一月 19, 2018 9:42:44 上午 org.apache.catalina.startup.HostConfig deployDirectory
信息: Deployment of web application directory D:\apache-tomcat-7\webapps\host-manager has finished in 184 ms
十一月 19, 2018 9:42:44 上午 org.apache.catalina.startup.HostConfig deployDirectory
信息: Deploying web application directory D:\apache-tomcat-7\webapps\manager
十一月 19, 2018 9:42:44 上午 org.apache.catalina.startup.HostConfig deployDirectory
信息: Deployment of web application directory D:\apache-tomcat-7\webapps\manager has finished in 55 ms
十一月 19, 2018 9:42:44 上午 org.apache.catalina.startup.HostConfig deployDirectory
信息: Deploying web application directory D:\apache-tomcat-7\webapps\ROOT
十一月 19, 2018 9:42:44 上午 org.apache.catalina.startup.HostConfig deployDirectory
信息: Deployment of web application directory D:\apache-tomcat-7\webapps\ROOT has finished in 46 ms
十一月 19, 2018 9:42:44 上午 org.apache.coyote.AbstractProtocol start
信息: Starting ProtocolHandler ["http-bio-8888"]
十一月 19, 2018 9:42:44 上午 org.apache.coyote.AbstractProtocol start
信息: Starting ProtocolHandler ["ajp-bio-8099"]
十一月 19, 2018 9:42:44 上午 org.apache.catalina.startup.Catalina start
信息: Server startup in 23041 ms
十一月 19, 2018 9:43:48 上午 org.apache.catalina.core.StandardServer await
警告: StandardServer.await: Invalid command '' received
十一月 19, 2018 9:50:28 上午 org.apache.catalina.core.StandardServer await
警告: StandardServer.await: Invalid command '' received
十一月 19, 2018 10:02:32 上午 org.apache.catalina.core.StandardServer await
警告: StandardServer.await: Invalid command '' received
十一月 19, 2018 11:04:37 上午 org.apache.catalina.core.StandardServer await
警告: StandardServer.await: Invalid command '' received
十一月 19, 2018 11:09:53 上午 org.apache.catalina.core.StandardServer await
警告: StandardServer.await: Invalid command '' received
十一月 19, 2018 11:11:52 上午 org.apache.catalina.core.StandardServer await
警告: StandardServer.await: Invalid command '' received
十一月 19, 2018 11:14:26 上午 org.apache.catalina.core.StandardServer await
警告: StandardServer.await: Invalid command '' received
十一月 19, 2018 11:15:43 上午 org.apache.catalina.core.StandardServer await
警告: StandardServer.await: Invalid command '' received
十一月 19, 2018 11:17:30 上午 org.apache.catalina.core.StandardServer await
警告: StandardServer.await: Invalid command '' received
十一月 19, 2018 11:23:04 上午 org.apache.catalina.core.StandardServer await
警告: StandardServer.await: Invalid command '' received
十一月 19, 2018 11:28:49 上午 org.apache.catalina.core.StandardServer await
警告: StandardServer.await: Invalid command '' received
十一月 19, 2018 11:29:27 上午 org.apache.catalina.core.StandardServer await
警告: StandardServer.await: Invalid command '' received
十一月 19, 2018 1:55:30 下午 org.apache.catalina.core.StandardServer await
警告: StandardServer.await: Invalid command '' received
十一月 19, 2018 1:58:56 下午 org.apache.catalina.core.StandardServer await
警告: StandardServer.await: Invalid command '' received
十一月 19, 2018 2:04:51 下午 org.apache.catalina.core.StandardServer await
警告: StandardServer.await: Invalid command '' received
十一月 19, 2018 2:07:45 下午 org.apache.catalina.core.StandardServer await
警告: StandardServer.await: Invalid command '' received
十一月 19, 2018 2:31:47 下午 org.apache.catalina.core.StandardServer await
警告: StandardServer.await: Invalid command '' received
十一月 19, 2018 2:33:09 下午 org.apache.catalina.core.StandardServer await
警告: StandardServer.await: Invalid command '' received
十一月 19, 2018 2:37:07 下午 org.apache.catalina.core.StandardServer await
警告: StandardServer.await: Invalid command '' received
十一月 19, 2018 2:40:11 下午 org.apache.catalina.core.StandardServer await
警告: StandardServer.await: Invalid command '' received
十一月 19, 2018 2:46:49 下午 org.apache.catalina.core.StandardServer await
警告: StandardServer.await: Invalid command '' received
十一月 19, 2018 2:50:34 下午 org.apache.catalina.core.StandardServer await
警告: StandardServer.await: Invalid command '' received
十一月 19, 2018 2:52:01 下午 org.apache.catalina.core.StandardServer await
警告: StandardServer.await: Invalid command '' received
十一月 19, 2018 2:58:52 下午 org.apache.catalina.core.StandardServer await
警告: StandardServer.await: Invalid command '' received
十一月 19, 2018 3:14:24 下午 org.apache.catalina.core.StandardServer await
警告: StandardServer.await: Invalid command '' received
十一月 19, 2018 3:18:01 下午 org.apache.catalina.core.StandardServer await
警告: StandardServer.await: Invalid command '' received
十一月 19, 2018 3:20:50 下午 org.apache.catalina.core.StandardServer await
警告: StandardServer.await: Invalid command '' received
十一月 19, 2018 3:28:02 下午 org.apache.catalina.core.StandardServer await
警告: StandardServer.await: Invalid command '' received
十一月 19, 2018 3:35:48 下午 org.apache.catalina.core.StandardServer await
警告: StandardServer.await: Invalid command '' received
十一月 19, 2018 3:46:21 下午 org.apache.catalina.core.StandardServer await
警告: StandardServer.await: Invalid command '' received
十一月 19, 2018 5:11:03 下午 org.apache.catalina.core.StandardServer await
警告: StandardServer.await: Invalid command '' received
