七月 17, 2018 5:10:10 下午 org.apache.catalina.startup.VersionLoggerListener log
信息: Server version:        Apache Tomcat/7.0.88
七月 17, 2018 5:10:10 下午 org.apache.catalina.startup.VersionLoggerListener log
信息: Server built:          May 7 2018 11:12:57 UTC
七月 17, 2018 5:10:10 下午 org.apache.catalina.startup.VersionLoggerListener log
信息: Server number:         7.0.88.0
七月 17, 2018 5:10:10 下午 org.apache.catalina.startup.VersionLoggerListener log
信息: OS Name:               Windows 8.1
七月 17, 2018 5:10:10 下午 org.apache.catalina.startup.VersionLoggerListener log
信息: OS Version:            6.3
七月 17, 2018 5:10:10 下午 org.apache.catalina.startup.VersionLoggerListener log
信息: Architecture:          amd64
七月 17, 2018 5:10:10 下午 org.apache.catalina.startup.VersionLoggerListener log
信息: Java Home:             C:\Program Files\Java\jdk1.7.0_80\jre
七月 17, 2018 5:10:10 下午 org.apache.catalina.startup.VersionLoggerListener log
信息: JVM Version:           1.7.0_80-b15
七月 17, 2018 5:10:10 下午 org.apache.catalina.startup.VersionLoggerListener log
信息: JVM Vendor:            Oracle Corporation
七月 17, 2018 5:10:10 下午 org.apache.catalina.startup.VersionLoggerListener log
信息: CATALINA_BASE:         D:\apache-tomcat-7
七月 17, 2018 5:10:10 下午 org.apache.catalina.startup.VersionLoggerListener log
信息: CATALINA_HOME:         D:\apache-tomcat-7
七月 17, 2018 5:10:10 下午 org.apache.catalina.startup.VersionLoggerListener log
信息: Command line argument: -Djava.util.logging.config.file=D:\apache-tomcat-7\conf\logging.properties
七月 17, 2018 5:10:10 下午 org.apache.catalina.startup.VersionLoggerListener log
信息: Command line argument: -Djava.util.logging.manager=org.apache.juli.ClassLoaderLogManager
七月 17, 2018 5:10:10 下午 org.apache.catalina.startup.VersionLoggerListener log
信息: Command line argument: -Djdk.tls.ephemeralDHKeySize=2048
七月 17, 2018 5:10:10 下午 org.apache.catalina.startup.VersionLoggerListener log
信息: Command line argument: -Dignore.endorsed.dirs=
七月 17, 2018 5:10:10 下午 org.apache.catalina.startup.VersionLoggerListener log
信息: Command line argument: -Dcatalina.base=D:\apache-tomcat-7
七月 17, 2018 5:10:10 下午 org.apache.catalina.startup.VersionLoggerListener log
信息: Command line argument: -Dcatalina.home=D:\apache-tomcat-7
七月 17, 2018 5:10:10 下午 org.apache.catalina.startup.VersionLoggerListener log
信息: Command line argument: -Djava.io.tmpdir=D:\apache-tomcat-7\temp
七月 17, 2018 5:10:10 下午 org.apache.catalina.core.AprLifecycleListener lifecycleEvent
信息: The APR based Apache Tomcat Native library which allows optimal performance in production environments was not found on the java.library.path: C:\Program Files\Java\jdk1.7.0_80\bin;C:\WINDOWS\Sun\Java\bin;C:\WINDOWS\system32;C:\WINDOWS;C:\Program Files\Java\jdk1.7.0_80\bin;D:\apache-maven-3.5.4\bin;D:\mysql\mysql-8.0.11-winx64\bin;C:\Program Files (x86)\Intel\iCLS Client\;C:\Program Files\Intel\iCLS Client\;C:\WINDOWS\system32;C:\WINDOWS;C:\WINDOWS\System32\Wbem;C:\WINDOWS\System32\WindowsPowerShell\v1.0\;C:\Program Files (x86)\Intel\Intel(R) Management Engine Components\DAL;C:\Program Files\Intel\Intel(R) Management Engine Components\DAL;C:\Program Files (x86)\Intel\Intel(R) Management Engine Components\IPT;C:\Program Files\Intel\Intel(R) Management Engine Components\IPT;C:\Program Files (x86)\ATI Technologies\ATI.ACE\Core-Static;C:\Program Files\Intel\WiFi\bin\;C:\Program Files\Common Files\Intel\WirelessCommon\;C:\Program Files\Git\cmd;D:\curl\src;C:\WINDOWS\System32\OpenSSH\;C:\Users\ppf\AppData\Local\Microsoft\WindowsApps;;.
七月 17, 2018 5:10:11 下午 org.apache.coyote.AbstractProtocol init
信息: Initializing ProtocolHandler ["http-bio-8888"]
七月 17, 2018 5:10:11 下午 org.apache.coyote.AbstractProtocol init
信息: Initializing ProtocolHandler ["ajp-bio-8099"]
七月 17, 2018 5:10:11 下午 org.apache.catalina.startup.Catalina load
信息: Initialization processed in 2660 ms
七月 17, 2018 5:10:11 下午 org.apache.catalina.core.StandardService startInternal
信息: Starting service Catalina
七月 17, 2018 5:10:11 下午 org.apache.catalina.core.StandardEngine startInternal
信息: Starting Servlet Engine: Apache Tomcat/7.0.88
七月 17, 2018 5:10:11 下午 org.apache.catalina.startup.HostConfig deployDirectory
信息: Deploying web application directory D:\apache-tomcat-7\webapps\docs
七月 17, 2018 5:10:12 下午 org.apache.catalina.util.SessionIdGeneratorBase createSecureRandom
警告: Creation of SecureRandom instance for session ID generation using [SHA1PRNG] took [181] milliseconds.
七月 17, 2018 5:10:13 下午 org.apache.catalina.startup.HostConfig deployDirectory
信息: Deployment of web application directory D:\apache-tomcat-7\webapps\docs has finished in 1,175 ms
七月 17, 2018 5:10:13 下午 org.apache.catalina.startup.HostConfig deployDirectory
信息: Deploying web application directory D:\apache-tomcat-7\webapps\examples
七月 17, 2018 5:10:13 下午 org.apache.catalina.startup.HostConfig deployDirectory
信息: Deployment of web application directory D:\apache-tomcat-7\webapps\examples has finished in 701 ms
七月 17, 2018 5:10:13 下午 org.apache.catalina.startup.HostConfig deployDirectory
信息: Deploying web application directory D:\apache-tomcat-7\webapps\host-manager
七月 17, 2018 5:10:14 下午 org.apache.catalina.startup.HostConfig deployDirectory
信息: Deployment of web application directory D:\apache-tomcat-7\webapps\host-manager has finished in 401 ms
七月 17, 2018 5:10:14 下午 org.apache.catalina.startup.HostConfig deployDirectory
信息: Deploying web application directory D:\apache-tomcat-7\webapps\manager
七月 17, 2018 5:10:14 下午 org.apache.catalina.startup.HostConfig deployDirectory
信息: Deployment of web application directory D:\apache-tomcat-7\webapps\manager has finished in 90 ms
七月 17, 2018 5:10:14 下午 org.apache.catalina.startup.HostConfig deployDirectory
信息: Deploying web application directory D:\apache-tomcat-7\webapps\ROOT
七月 17, 2018 5:10:14 下午 org.apache.catalina.startup.HostConfig deployDirectory
信息: Deployment of web application directory D:\apache-tomcat-7\webapps\ROOT has finished in 138 ms
七月 17, 2018 5:10:14 下午 org.apache.coyote.AbstractProtocol start
信息: Starting ProtocolHandler ["http-bio-8888"]
七月 17, 2018 5:10:14 下午 org.apache.coyote.AbstractProtocol start
信息: Starting ProtocolHandler ["ajp-bio-8099"]
七月 17, 2018 5:10:14 下午 org.apache.catalina.startup.Catalina start
信息: Server startup in 2710 ms
