十一月 20, 2018 5:08:11 下午 org.apache.catalina.core.ApplicationContext log
信息: No Spring WebApplicationInitializer types detected on classpath
十一月 20, 2018 5:08:11 下午 org.apache.catalina.core.ApplicationContext log
信息: Initializing log4j system
十一月 20, 2018 5:08:11 下午 org.apache.catalina.core.ApplicationContext log
信息: Initializing Spring root WebApplicationContext
十一月 20, 2018 5:08:23 下午 org.apache.catalina.core.ApplicationContext log
信息: Initializing Spring sub WebApplicationContext: home
十一月 20, 2018 5:08:25 下午 org.apache.catalina.core.ApplicationContext log
信息: Initializing Spring sub WebApplicationContext: personal
十一月 20, 2018 5:08:26 下午 org.apache.catalina.core.ApplicationContext log
信息: Initializing Spring sub WebApplicationContext: sysmanage
十一月 20, 2018 5:08:27 下午 org.apache.catalina.core.ApplicationContext log
信息: Initializing Spring sub WebApplicationContext: sysinfo
十一月 20, 2018 5:08:28 下午 org.apache.catalina.core.ApplicationContext log
信息: Initializing Spring sub WebApplicationContext: governance
十一月 20, 2018 5:08:29 下午 org.apache.catalina.core.ApplicationContext log
信息: WebxComponents: initialization completed
十一月 20, 2018 5:08:29 下午 org.apache.catalina.core.ApplicationContext log
信息: Initializing filter: mdc
十一月 20, 2018 5:08:29 下午 org.apache.catalina.core.ApplicationContext log
信息: SetLoggingContextFilter - mdc: initialization completed
十一月 20, 2018 5:08:29 下午 org.apache.catalina.core.ApplicationContext log
信息: Initializing filter: webx
十一月 20, 2018 5:08:29 下午 org.apache.catalina.core.ApplicationContext log
信息: WebxFrameworkFilter - webx: initialization completed
十一月 20, 2018 5:08:33 下午 org.apache.catalina.core.ApplicationContext log
信息: ContextListener: contextInitialized()
十一月 20, 2018 5:08:33 下午 org.apache.catalina.core.ApplicationContext log
信息: SessionListener: contextInitialized()
十一月 20, 2018 5:08:33 下午 org.apache.catalina.core.ApplicationContext log
信息: ContextListener: attributeAdded('StockTicker', 'async.Stockticker@6bf20f56')
十一月 20, 2018 5:08:33 下午 org.apache.catalina.core.ApplicationContext log
信息: ContextListener: attributeAdded('org.apache.jasper.compiler.TldLocationsCache', 'org.apache.jasper.compiler.TldLocationsCache@13efd3d5')
十一月 20, 2018 5:08:33 下午 org.apache.catalina.core.ApplicationContext log
信息: Closing Spring root WebApplicationContext
十一月 20, 2018 5:08:33 下午 org.apache.catalina.core.ApplicationContext log
信息: Shutting down log system
十一月 20, 2018 5:08:33 下午 org.apache.catalina.core.ApplicationContext log
信息: SessionListener: contextDestroyed()
十一月 20, 2018 5:08:33 下午 org.apache.catalina.core.ApplicationContext log
信息: ContextListener: contextDestroyed()
