十一月 19, 2018 9:42:04 上午 org.apache.catalina.core.ApplicationContext log
信息: No Spring WebApplicationInitializer types detected on classpath
十一月 19, 2018 9:42:04 上午 org.apache.catalina.core.ApplicationContext log
信息: Initializing log4j system
十一月 19, 2018 9:42:04 上午 org.apache.catalina.core.ApplicationContext log
信息: Initializing Spring root WebApplicationContext
十一月 19, 2018 9:42:25 上午 org.apache.catalina.core.ApplicationContext log
信息: No Spring WebApplicationInitializer types detected on classpath
十一月 19, 2018 9:42:25 上午 org.apache.catalina.core.ApplicationContext log
信息: Initializing log4j system
十一月 19, 2018 9:42:25 上午 org.apache.catalina.core.ApplicationContext log
信息: Initializing Spring root WebApplicationContext
十一月 19, 2018 9:42:36 上午 org.apache.catalina.core.ApplicationContext log
信息: Initializing Spring sub WebApplicationContext: home
十一月 19, 2018 9:42:38 上午 org.apache.catalina.core.ApplicationContext log
信息: Initializing Spring sub WebApplicationContext: personal
十一月 19, 2018 9:42:39 上午 org.apache.catalina.core.ApplicationContext log
信息: Initializing Spring sub WebApplicationContext: sysmanage
十一月 19, 2018 9:42:40 上午 org.apache.catalina.core.ApplicationContext log
信息: Initializing Spring sub WebApplicationContext: sysinfo
十一月 19, 2018 9:42:41 上午 org.apache.catalina.core.ApplicationContext log
信息: Initializing Spring sub WebApplicationContext: governance
十一月 19, 2018 9:42:42 上午 org.apache.catalina.core.ApplicationContext log
信息: WebxComponents: initialization completed
十一月 19, 2018 9:42:42 上午 org.apache.catalina.core.ApplicationContext log
信息: Initializing filter: mdc
十一月 19, 2018 9:42:42 上午 org.apache.catalina.core.ApplicationContext log
信息: SetLoggingContextFilter - mdc: initialization completed
十一月 19, 2018 9:42:42 上午 org.apache.catalina.core.ApplicationContext log
信息: Initializing filter: webx
十一月 19, 2018 9:42:42 上午 org.apache.catalina.core.ApplicationContext log
信息: WebxFrameworkFilter - webx: initialization completed
十一月 19, 2018 9:42:44 上午 org.apache.catalina.core.ApplicationContext log
信息: ContextListener: contextInitialized()
十一月 19, 2018 9:42:44 上午 org.apache.catalina.core.ApplicationContext log
信息: SessionListener: contextInitialized()
十一月 19, 2018 9:42:44 上午 org.apache.catalina.core.ApplicationContext log
信息: ContextListener: attributeAdded('StockTicker', 'async.Stockticker@28cadb19')
十一月 19, 2018 9:42:44 上午 org.apache.catalina.core.ApplicationContext log
信息: ContextListener: attributeAdded('org.apache.jasper.compiler.TldLocationsCache', 'org.apache.jasper.compiler.TldLocationsCache@1bf3e939')
